
SQL*Loader: Release 11.2.0.2.0 - Production on Wed May 3 19:39:25 2023

Copyright (c) 1982, 2009, Oracle and/or its affiliates.  All rights reserved.

Control File:   airports.ctl
Data File:      airports.csv
  Bad File:     airports.bad
  Discard File:  none specified
 
 (Allow all discards)

Number to load: ALL
Number to skip: 0
Errors allowed: 50
Bind array:     64 rows, maximum of 256000 bytes
Continuation:    none specified
Path used:      Conventional

Table AIRPORTS, loaded from every logical record.
Insert option in effect for this table: INSERT

   Column Name                  Position   Len  Term Encl Datatype
------------------------------ ---------- ----- ---- ---- ---------------------
CODE                                FIRST     *   ,  O(') CHARACTER            
AIRPORT_NAME                         NEXT     *   ,  O(') CHARACTER            
CITY                                 NEXT     *   ,  O(') CHARACTER            
AIRPORT_STATE                        NEXT     *   ,  O(') CHARACTER            


Table AIRPORTS:
  41 Rows successfully loaded.
  0 Rows not loaded due to data errors.
  0 Rows not loaded because all WHEN clauses were failed.
  0 Rows not loaded because all fields were null.


Space allocated for bind array:                  66048 bytes(64 rows)
Read   buffer bytes: 1048576

Total logical records skipped:          0
Total logical records read:            41
Total logical records rejected:         0
Total logical records discarded:        0

Run began on Wed May 03 19:39:25 2023
Run ended on Wed May 03 19:39:25 2023

Elapsed time was:     00:00:00.04
CPU time was:         00:00:00.01
