
SQL*Loader: Release 11.2.0.2.0 - Production on Wed May 3 19:39:26 2023

Copyright (c) 1982, 2009, Oracle and/or its affiliates.  All rights reserved.

Control File:   flights.ctl
Data File:      flights.csv
  Bad File:     flights.bad
  Discard File:  none specified
 
 (Allow all discards)

Number to load: ALL
Number to skip: 0
Errors allowed: 50
Bind array:     64 rows, maximum of 256000 bytes
Continuation:    none specified
Path used:      Conventional

Table FLIGHTS, loaded from every logical record.
Insert option in effect for this table: INSERT

   Column Name                  Position   Len  Term Encl Datatype
------------------------------ ---------- ----- ---- ---- ---------------------
FLIGHT_NUM                          FIRST     *   ,  O(') CHARACTER            
DEPT_CITY                            NEXT     *   ,  O(') CHARACTER            
ARR_CITY                             NEXT     *   ,  O(') CHARACTER            
FLIGHT_DATE                          NEXT     *   ,  O(') DATE MM/DD/YYYY      
DEPT_TIME                            NEXT     *   ,  O(') CHARACTER            
ARR_TIME                             NEXT     *   ,  O(') CHARACTER            
DISTANCE                             NEXT     *   ,  O(') CHARACTER            
TAIL_NUM                             NEXT     *   ,  O(') CHARACTER            
PILOTS_NEEDED                        NEXT     *   ,  O(') CHARACTER            
FA_NEEDED                            NEXT     *   ,  O(') CHARACTER            


Table FLIGHTS:
  43634 Rows successfully loaded.
  0 Rows not loaded due to data errors.
  0 Rows not loaded because all WHEN clauses were failed.
  0 Rows not loaded because all fields were null.


Space allocated for bind array:                 165120 bytes(64 rows)
Read   buffer bytes: 1048576

Total logical records skipped:          0
Total logical records read:         43634
Total logical records rejected:         0
Total logical records discarded:        0

Run began on Wed May 03 19:39:26 2023
Run ended on Wed May 03 19:39:29 2023

Elapsed time was:     00:00:03.42
CPU time was:         00:00:00.15
